----------------------------------------------------------------------------------
      name:  <unnamed>
       log:  /Users/alessiaroot/Desktop/ders-26s/regression_results.log
  log type:  text
 opened on:  22 Apr 2026, 19:25:17

. regress y x

      Source |       SS           df       MS      Number of obs   =     1,000
-------------+----------------------------------   F(1, 998)       =   4009.91
       Model |  3994.84235         1  3994.84235   Prob > F        =    0.0000
    Residual |  994.249858       998  .996242343   R-squared       =    0.8007
-------------+----------------------------------   Adj R-squared   =    0.8005
       Total |  4989.09221       999   4.9940863   Root MSE        =    .99812

------------------------------------------------------------------------------
           y | Coefficient  Std. err.      t    P>|t|     [95% conf. interval]
-------------+----------------------------------------------------------------
           x |   2.037826    .032181    63.32   0.000     1.974676    2.100976
       _cons |  -.0250795   .0315676    -0.79   0.427     -.087026     .036867
------------------------------------------------------------------------------

. log close
      name:  <unnamed>
       log:  /Users/alessiaroot/Desktop/ders-26s/regression_results.log
  log type:  text
 closed on:  22 Apr 2026, 19:25:17
----------------------------------------------------------------------------------
